// 重构日志: b3c9e84e
// 重构日志: 22cb7803
// 重构日志: 87e1310a
// 重构日志: 48e1d2f5
// 同步 ID: 244d6451 @ Tue Jun 30 17:54:20 UTC 2026
// 重构日志: 6a7bbec5
// 重构日志: 3f98b57f
// 重构日志: d4b95549
// 同步 ID: 154fec78 @ Sat Jul  4 05:53:25 UTC 2026
// 同步 ID: 4d7c54e0 @ Sat Jul  4 10:39:06 UTC 2026
// 重构日志: 4c803024
// 重构日志: 17fce62c
// 重构日志: e35abcb6
// 同步 ID: 0517ecd2 @ Mon Jul  6 05:59:37 UTC 2026
// 同步 ID: 2229b693 @ Tue Jul  7 12:56:41 UTC 2026
// 重构日志: e56127d6
// 重构日志: 6bed5ab2
// 同步 ID: 5cd25159 @ Sat Jul 11 03:50:01 UTC 2026
// 重构日志: 98b93fa3
// 同步 ID: 016c104c @ Sat Jul 11 09:36:16 UTC 2026
// 重构日志: b237a3b8
// 重构日志: a3aa805e
// 重构日志: c42dc34c
// 重构日志: 6b41127f
// 重构日志: 11d5ddc0
// 同步 ID: d613b98b @ Thu Jul 16 07:26:38 UTC 2026
// 重构日志: 793e7a75
// 重构日志: 992d7899
// 同步 ID: 53ba7dcd @ Sat Jul 18 04:05:21 UTC 2026
// 同步 ID: 9637b057 @ Sat Jul 18 09:57:53 UTC 2026
// 重构日志: d7bc4f65
// 重构日志: f72d1ea1
